Results generated by fwts: Version V22.09.00 (2022-09-22 01:31:22).

Some of this work - Copyright (c) 1999 - 2021, Intel Corp. All rights reserved.
Some of this work - Copyright (c) 2010 - 2021, Canonical.
Some of this work - Copyright (c) 2016 - 2021, IBM.
Some of this work - Copyright (c) 2017 - 2021, ARM Ltd.

This test run on 19/02/23 at 19:37:06 on host Linux galaxybook 5.19.0-31-generic #32-Ubuntu SMP PREEMPT_DYNAMIC Fri Jan 20 15:20:08 UTC 2023 x86_64.

Command: "fwts wmi -".
Running tests: wmi.

wmi: Extract and analyse Windows Management Instrumentation (WMI).
-------------------------------------------------------------------------------------------------------------------------------------------------------------------------------
ACPICA Exception AE_NOT_FOUND during execution of method \___
ACPICA Exception AE_NOT_FOUND during execution of method \___
Test 1 of 1: Windows Management Instrumentation test.

\_SB_.WFDE._WDG (1 of 3)
  GUID: 2BC49DEF-7B15-4F05-8BB7-EE37B9547C0B
  WMI Method:
    Flags          : 0x02 (Method)
    Object ID      : DE
    Instance       : 0x01
PASSED: Test 1, 2BC49DEF-7B15-4F05-8BB7-EE37B9547C0B has associated method \_SB_.WFDE.WMDE

\_SB_.WFDE._WDG (2 of 3)
  GUID: A6FEA33E-DABF-46F5-BFC8-460D961BEC9F
  WMI Event:
    Flags          : 0x08 (Event)
    Notification ID: 0xd0
    Reserved       : 0x00
    Instance       : 0x01
FAILED [MEDIUM] WMIUnknownGUID: Test 1, GUID A6FEA33E-DABF-46F5-BFC8-460D961BEC9F is unknown to the kernel, a driver may need to be implemented for this GUID.
A WMI driver probably needs to be written for this WMI event. It can checked for using: wmi_has_guid("A6FEA33E-DABF-46F5-BFC8-460D961BEC9F"). One can install a notify handler
using wmi_install_notify_handler("A6FEA33E-DABF-46F5-BFC8-460D961BEC9F", handler, NULL). http://lwn.net/Articles/391230 describes how to write an appropriate driver.

\_SB_.WFDE._WDG (3 of 3)
  GUID: 05901221-D566-11D1-B2F0-00A0C9062910
  WMI Object:
    Flags          : 0x00 (None)
    Object ID      : CC
    Instance       : 0x01

\_SB_.WFTE._WDG (1 of 2)
  GUID: 1F13AB7F-6220-4210-8F8E-8BB5E71EE969
  WMI Method:
    Flags          : 0x02 (Method)
    Object ID      : TE
    Instance       : 0x01
PASSED: Test 1, 1F13AB7F-6220-4210-8F8E-8BB5E71EE969 has associated method \_SB_.WFTE.WMTE

\_SB_.WFTE._WDG (2 of 2)
  GUID: 05901221-D566-11D1-B2F0-00A0C9062910
  WMI Object:
    Flags          : 0x00 (None)
    Object ID      : CC
    Instance       : 0x01

\_SB_.SWSD._WDG (1 of 2)
  GUID: C16C47BA-50E3-444A-AF3A-B1C348380002
  WMI Method:
    Flags          : 0x02 (Method)
    Object ID      : 01
    Instance       : 0x01
PASSED: Test 1, C16C47BA-50E3-444A-AF3A-B1C348380002 has associated method \_SB_.SWSD.WM01

\_SB_.SWSD._WDG (2 of 2)
  GUID: 05901221-D566-11D1-B2F0-00A0C9062910
  WMI Object:
    Flags          : 0x00 (None)
    Object ID      : AA
    Instance       : 0x01

===============================================================================================================================================================================
3 passed, 1 failed, 0 warning, 0 aborted, 0 skipped, 0 info only.
===============================================================================================================================================================================


3 passed, 1 failed, 0 warning, 0 aborted, 0 skipped, 0 info only.

Test Failure Summary
===============================================================================================================================================================================

Critical failures: NONE

High failures: NONE

Medium failures: 1
 wmi: GUID A6FEA33E-DABF-46F5-BFC8-460D961BEC9F is unknown to the kernel, a driver may need to be implemented for this GUID.

Low failures: NONE

Other failures: NONE

Test           |Pass |Fail |Abort|Warn |Skip |Info |
---------------+-----+-----+-----+-----+-----+-----+
wmi            |    3|    1|     |     |     |     |
---------------+-----+-----+-----+-----+-----+-----+
Total:         |    3|    1|    0|    0|    0|    0|
---------------+-----+-----+-----+-----+-----+-----+
